2022-12-23 14:07:55,252 - INFO LoginPage.py [line:25]: 【===登录操作===】
2022-12-23 14:07:55,253 - INFO LoginPage.py [line:33]: 【===打开URL===】
2022-12-23 14:08:08,450 - INFO BasePage.py [line:288]: 等待"用户名编辑框"元素,定位方式://*[@id="login-form"]/input[2]
2022-12-23 14:08:08,459 - INFO BasePage.py [line:210]: 在"用户名编辑框"输入"13671707573@163.com",元素定位://*[@id="login-form"]/input[2]
2022-12-23 14:08:08,644 - INFO BasePage.py [line:288]: 等待"密码编辑框"元素,定位方式://*[@id="login-form"]/input[3]
2022-12-23 14:08:08,652 - INFO BasePage.py [line:210]: 在"密码编辑框"输入"admin2003",元素定位://*[@id="login-form"]/input[3]
2022-12-23 14:08:08,693 - INFO BasePage.py [line:288]: 等待"登录按钮"元素,定位方式://*[@id="login-form"]/button
2022-12-23 14:08:08,720 - INFO BasePage.py [line:236]: 点击"登录按钮",元素定位://*[@id="login-form"]/button
2022-12-23 14:08:12,033 - INFO LoginPage.py [line:58]: 【===获取登录成功验证信息===】
2022-12-23 14:08:12,033 - INFO BasePage.py [line:168]: 获取"登录成功的验证信息"元素文本内容，元素定位://*[@id="main"]/div[2]/div/div[2]/div/div[1]/h3
2022-12-23 14:08:12,049 - INFO BasePage.py [line:174]: 获取"登录成功的验证信息"元素文本内容为"我的资料库",元素定位://*[@id="main"]/div[2]/div/div[2]/div/div[1]/h3
2022-12-23 14:08:12,086 - INFO LoginPage.py [line:25]: 【===登录操作===】
2022-12-23 14:08:12,086 - INFO LoginPage.py [line:33]: 【===打开URL===】
2022-12-23 14:08:12,161 - INFO BasePage.py [line:288]: 等待"用户名编辑框"元素,定位方式://*[@id="login-form"]/input[2]
2022-12-23 14:08:12,168 - INFO BasePage.py [line:210]: 在"用户名编辑框"输入"",元素定位://*[@id="login-form"]/input[2]
2022-12-23 14:08:12,189 - INFO BasePage.py [line:288]: 等待"密码编辑框"元素,定位方式://*[@id="login-form"]/input[3]
2022-12-23 14:08:12,194 - INFO BasePage.py [line:210]: 在"密码编辑框"输入"admin2003",元素定位://*[@id="login-form"]/input[3]
2022-12-23 14:08:12,483 - INFO BasePage.py [line:288]: 等待"登录按钮"元素,定位方式://*[@id="login-form"]/button
2022-12-23 14:08:12,505 - INFO BasePage.py [line:236]: 点击"登录按钮",元素定位://*[@id="login-form"]/button
2022-12-23 14:08:12,527 - INFO LoginPage.py [line:53]: 【===获取登录失败报错信息===】
2022-12-23 14:08:12,527 - INFO BasePage.py [line:168]: 获取"登录失败的验证信息"元素文本内容，元素定位://*[@id="login-form"]/p
2022-12-23 14:08:12,543 - INFO BasePage.py [line:174]: 获取"登录失败的验证信息"元素文本内容为"邮箱或用户名不能为空",元素定位://*[@id="login-form"]/p
2022-12-23 14:08:12,576 - INFO LoginPage.py [line:25]: 【===登录操作===】
2022-12-23 14:08:12,576 - INFO LoginPage.py [line:33]: 【===打开URL===】
2022-12-23 14:08:12,646 - INFO BasePage.py [line:288]: 等待"用户名编辑框"元素,定位方式://*[@id="login-form"]/input[2]
2022-12-23 14:08:12,652 - INFO BasePage.py [line:210]: 在"用户名编辑框"输入"admin",元素定位://*[@id="login-form"]/input[2]
2022-12-23 14:08:12,970 - INFO BasePage.py [line:288]: 等待"密码编辑框"元素,定位方式://*[@id="login-form"]/input[3]
2022-12-23 14:08:12,975 - INFO BasePage.py [line:210]: 在"密码编辑框"输入"",元素定位://*[@id="login-form"]/input[3]
2022-12-23 14:08:13,009 - INFO BasePage.py [line:288]: 等待"登录按钮"元素,定位方式://*[@id="login-form"]/button
2022-12-23 14:08:13,029 - INFO BasePage.py [line:236]: 点击"登录按钮",元素定位://*[@id="login-form"]/button
2022-12-23 14:08:13,051 - INFO LoginPage.py [line:53]: 【===获取登录失败报错信息===】
2022-12-23 14:08:13,051 - INFO BasePage.py [line:168]: 获取"登录失败的验证信息"元素文本内容，元素定位://*[@id="login-form"]/p
2022-12-23 14:08:13,067 - INFO BasePage.py [line:174]: 获取"登录失败的验证信息"元素文本内容为"密码不能为空",元素定位://*[@id="login-form"]/p
2022-12-23 14:08:13,093 - INFO LoginPage.py [line:25]: 【===登录操作===】
2022-12-23 14:08:13,093 - INFO LoginPage.py [line:33]: 【===打开URL===】
2022-12-23 14:08:13,161 - INFO BasePage.py [line:288]: 等待"用户名编辑框"元素,定位方式://*[@id="login-form"]/input[2]
2022-12-23 14:08:13,167 - INFO BasePage.py [line:210]: 在"用户名编辑框"输入"",元素定位://*[@id="login-form"]/input[2]
2022-12-23 14:08:13,189 - INFO BasePage.py [line:288]: 等待"密码编辑框"元素,定位方式://*[@id="login-form"]/input[3]
2022-12-23 14:08:13,195 - INFO BasePage.py [line:210]: 在"密码编辑框"输入"",元素定位://*[@id="login-form"]/input[3]
2022-12-23 14:08:13,488 - INFO BasePage.py [line:288]: 等待"登录按钮"元素,定位方式://*[@id="login-form"]/button
2022-12-23 14:08:13,508 - INFO BasePage.py [line:236]: 点击"登录按钮",元素定位://*[@id="login-form"]/button
2022-12-23 14:08:13,529 - INFO LoginPage.py [line:53]: 【===获取登录失败报错信息===】
2022-12-23 14:08:13,529 - INFO BasePage.py [line:168]: 获取"登录失败的验证信息"元素文本内容，元素定位://*[@id="login-form"]/p
2022-12-23 14:08:13,541 - INFO BasePage.py [line:174]: 获取"登录失败的验证信息"元素文本内容为"邮箱或用户名不能为空",元素定位://*[@id="login-form"]/p
2022-12-23 14:08:13,565 - INFO LoginPage.py [line:25]: 【===登录操作===】
2022-12-23 14:08:13,566 - INFO LoginPage.py [line:33]: 【===打开URL===】
2022-12-23 14:08:13,628 - INFO BasePage.py [line:288]: 等待"用户名编辑框"元素,定位方式://*[@id="login-form"]/input[2]
2022-12-23 14:08:13,638 - INFO BasePage.py [line:210]: 在"用户名编辑框"输入"admin",元素定位://*[@id="login-form"]/input[2]
2022-12-23 14:08:13,948 - INFO BasePage.py [line:288]: 等待"密码编辑框"元素,定位方式://*[@id="login-form"]/input[3]
2022-12-23 14:08:13,954 - INFO BasePage.py [line:210]: 在"密码编辑框"输入"admin",元素定位://*[@id="login-form"]/input[3]
2022-12-23 14:08:13,995 - INFO BasePage.py [line:288]: 等待"登录按钮"元素,定位方式://*[@id="login-form"]/button
2022-12-23 14:08:14,015 - INFO BasePage.py [line:236]: 点击"登录按钮",元素定位://*[@id="login-form"]/button
2022-12-23 14:08:14,112 - INFO LoginPage.py [line:53]: 【===获取登录失败报错信息===】
2022-12-23 14:08:14,113 - INFO BasePage.py [line:168]: 获取"登录失败的验证信息"元素文本内容，元素定位://*[@id="login-form"]/p
2022-12-23 14:08:14,128 - INFO BasePage.py [line:174]: 获取"登录失败的验证信息"元素文本内容为"你输入的邮箱或密码不正确",元素定位://*[@id="login-form"]/p
2022-12-23 14:08:16,253 - INFO LoginPage.py [line:25]: 【===登录操作===】
2022-12-23 14:08:16,253 - INFO LoginPage.py [line:33]: 【===打开URL===】
2022-12-23 14:08:16,319 - INFO BasePage.py [line:288]: 等待"用户名编辑框"元素,定位方式://*[@id="login-form"]/input[2]
2022-12-23 14:08:16,325 - INFO BasePage.py [line:210]: 在"用户名编辑框"输入"qwer123",元素定位://*[@id="login-form"]/input[2]
2022-12-23 14:08:16,650 - INFO BasePage.py [line:288]: 等待"密码编辑框"元素,定位方式://*[@id="login-form"]/input[3]
2022-12-23 14:08:16,655 - INFO BasePage.py [line:210]: 在"密码编辑框"输入"admin2003",元素定位://*[@id="login-form"]/input[3]
2022-12-23 14:08:16,697 - INFO BasePage.py [line:288]: 等待"登录按钮"元素,定位方式://*[@id="login-form"]/button
2022-12-23 14:08:16,715 - INFO BasePage.py [line:236]: 点击"登录按钮",元素定位://*[@id="login-form"]/button
2022-12-23 14:08:16,811 - INFO LoginPage.py [line:53]: 【===获取登录失败报错信息===】
2022-12-23 14:08:16,811 - INFO BasePage.py [line:168]: 获取"登录失败的验证信息"元素文本内容，元素定位://*[@id="login-form"]/p
2022-12-23 14:08:16,826 - INFO BasePage.py [line:174]: 获取"登录失败的验证信息"元素文本内容为"你输入的邮箱或密码不正确",元素定位://*[@id="login-form"]/p
2022-12-23 14:08:16,861 - INFO LoginPage.py [line:25]: 【===登录操作===】
2022-12-23 14:08:16,861 - INFO LoginPage.py [line:33]: 【===打开URL===】
2022-12-23 14:08:16,928 - INFO BasePage.py [line:288]: 等待"用户名编辑框"元素,定位方式://*[@id="login-form"]/input[2]
2022-12-23 14:08:17,137 - INFO BasePage.py [line:210]: 在"用户名编辑框"输入"admin123",元素定位://*[@id="login-form"]/input[2]
2022-12-23 14:08:17,450 - INFO BasePage.py [line:288]: 等待"密码编辑框"元素,定位方式://*[@id="login-form"]/input[3]
2022-12-23 14:08:17,455 - INFO BasePage.py [line:210]: 在"密码编辑框"输入"admin",元素定位://*[@id="login-form"]/input[3]
2022-12-23 14:08:17,494 - INFO BasePage.py [line:288]: 等待"登录按钮"元素,定位方式://*[@id="login-form"]/button
2022-12-23 14:08:17,513 - INFO BasePage.py [line:236]: 点击"登录按钮",元素定位://*[@id="login-form"]/button
2022-12-23 14:08:17,949 - INFO LoginPage.py [line:53]: 【===获取登录失败报错信息===】
2022-12-23 14:08:17,949 - INFO BasePage.py [line:168]: 获取"登录失败的验证信息"元素文本内容，元素定位://*[@id="login-form"]/p
2022-12-23 14:08:17,962 - INFO BasePage.py [line:174]: 获取"登录失败的验证信息"元素文本内容为"",元素定位://*[@id="login-form"]/p
