2022-12-23 14:01:52,292 - INFO LoginPage.py [line:25]: 【===登录操作===】
2022-12-23 14:01:52,294 - INFO LoginPage.py [line:33]: 【===打开URL===】
2022-12-23 14:02:05,401 - INFO BasePage.py [line:288]: 等待"用户名编辑框"元素,定位方式://*[@id="login-form"]/input[2]
2022-12-23 14:02:05,413 - INFO BasePage.py [line:210]: 在"用户名编辑框"输入"13671707573@163.com",元素定位://*[@id="login-form"]/input[2]
2022-12-23 14:02:05,598 - INFO BasePage.py [line:288]: 等待"密码编辑框"元素,定位方式://*[@id="login-form"]/input[3]
2022-12-23 14:02:05,607 - INFO BasePage.py [line:210]: 在"密码编辑框"输入"admin2003",元素定位://*[@id="login-form"]/input[3]
2022-12-23 14:02:05,651 - INFO BasePage.py [line:288]: 等待"登录按钮"元素,定位方式://*[@id="login-form"]/button
2022-12-23 14:02:05,714 - INFO BasePage.py [line:236]: 点击"登录按钮",元素定位://*[@id="login-form"]/button
2022-12-23 14:02:09,267 - INFO LoginPage.py [line:58]: 【===获取登录成功验证信息===】
2022-12-23 14:02:09,267 - INFO BasePage.py [line:168]: 获取"登录成功的验证信息"元素文本内容，元素定位://*[@id="main"]/div[2]/div/div[2]/div/div[1]/h3
2022-12-23 14:02:09,292 - INFO BasePage.py [line:174]: 获取"登录成功的验证信息"元素文本内容为"我的资料库",元素定位://*[@id="main"]/div[2]/div/div[2]/div/div[1]/h3
2022-12-23 14:02:11,198 - INFO LoginPage.py [line:25]: 【===登录操作===】
2022-12-23 14:02:11,198 - INFO LoginPage.py [line:33]: 【===打开URL===】
2022-12-23 14:02:15,590 - INFO BasePage.py [line:288]: 等待"用户名编辑框"元素,定位方式://*[@id="login-form"]/input[2]
2022-12-23 14:02:15,598 - INFO BasePage.py [line:210]: 在"用户名编辑框"输入"admin",元素定位://*[@id="login-form"]/input[2]
2022-12-23 14:02:15,639 - INFO BasePage.py [line:288]: 等待"密码编辑框"元素,定位方式://*[@id="login-form"]/input[3]
2022-12-23 14:02:15,648 - INFO BasePage.py [line:210]: 在"密码编辑框"输入"admin",元素定位://*[@id="login-form"]/input[3]
2022-12-23 14:02:15,689 - INFO BasePage.py [line:288]: 等待"登录按钮"元素,定位方式://*[@id="login-form"]/button
2022-12-23 14:02:15,720 - INFO BasePage.py [line:236]: 点击"登录按钮",元素定位://*[@id="login-form"]/button
2022-12-23 14:02:16,168 - INFO LoginPage.py [line:53]: 【===获取登录失败报错信息===】
2022-12-23 14:02:16,168 - INFO BasePage.py [line:168]: 获取"登录失败的验证信息"元素文本内容，元素定位://*[@id="login-form"]/p
2022-12-23 14:02:16,246 - INFO BasePage.py [line:174]: 获取"登录失败的验证信息"元素文本内容为"你输入的邮箱或密码不正确",元素定位://*[@id="login-form"]/p
2022-12-23 14:02:18,039 - INFO LoginPage.py [line:25]: 【===登录操作===】
2022-12-23 14:02:18,039 - INFO LoginPage.py [line:33]: 【===打开URL===】
2022-12-23 14:02:18,120 - INFO BasePage.py [line:288]: 等待"用户名编辑框"元素,定位方式://*[@id="login-form"]/input[2]
2022-12-23 14:02:18,136 - INFO BasePage.py [line:210]: 在"用户名编辑框"输入"qwer123",元素定位://*[@id="login-form"]/input[2]
2022-12-23 14:02:18,435 - INFO BasePage.py [line:288]: 等待"密码编辑框"元素,定位方式://*[@id="login-form"]/input[3]
2022-12-23 14:02:18,466 - INFO BasePage.py [line:210]: 在"密码编辑框"输入"admin2003",元素定位://*[@id="login-form"]/input[3]
2022-12-23 14:02:18,508 - INFO BasePage.py [line:288]: 等待"登录按钮"元素,定位方式://*[@id="login-form"]/button
2022-12-23 14:02:18,538 - INFO BasePage.py [line:236]: 点击"登录按钮",元素定位://*[@id="login-form"]/button
2022-12-23 14:02:18,971 - INFO LoginPage.py [line:53]: 【===获取登录失败报错信息===】
2022-12-23 14:02:18,971 - INFO BasePage.py [line:168]: 获取"登录失败的验证信息"元素文本内容，元素定位://*[@id="login-form"]/p
2022-12-23 14:02:19,020 - INFO BasePage.py [line:174]: 获取"登录失败的验证信息"元素文本内容为"你输入的邮箱或密码不正确",元素定位://*[@id="login-form"]/p
2022-12-23 14:02:19,059 - INFO LoginPage.py [line:25]: 【===登录操作===】
2022-12-23 14:02:19,059 - INFO LoginPage.py [line:33]: 【===打开URL===】
2022-12-23 14:02:19,136 - INFO BasePage.py [line:288]: 等待"用户名编辑框"元素,定位方式://*[@id="login-form"]/input[2]
2022-12-23 14:02:19,148 - INFO BasePage.py [line:210]: 在"用户名编辑框"输入"admin123",元素定位://*[@id="login-form"]/input[2]
2022-12-23 14:02:19,449 - INFO BasePage.py [line:288]: 等待"密码编辑框"元素,定位方式://*[@id="login-form"]/input[3]
2022-12-23 14:02:19,480 - INFO BasePage.py [line:210]: 在"密码编辑框"输入"admin",元素定位://*[@id="login-form"]/input[3]
2022-12-23 14:02:19,539 - INFO BasePage.py [line:288]: 等待"登录按钮"元素,定位方式://*[@id="login-form"]/button
2022-12-23 14:02:19,570 - INFO BasePage.py [line:236]: 点击"登录按钮",元素定位://*[@id="login-form"]/button
2022-12-23 14:02:20,038 - INFO LoginPage.py [line:53]: 【===获取登录失败报错信息===】
2022-12-23 14:02:20,038 - INFO BasePage.py [line:168]: 获取"登录失败的验证信息"元素文本内容，元素定位://*[@id="login-form"]/p
2022-12-23 14:02:20,066 - INFO BasePage.py [line:174]: 获取"登录失败的验证信息"元素文本内容为"",元素定位://*[@id="login-form"]/p
